Performing C SOURCE FILE Test CMAKE_HAVE_LIBC_PTHREAD failed with the following output:
Change Dir: /icub-grasping/robotology-superbuild/build/robotology/GazeboYARPPlugins/CMakeFiles/CMakeTmp

Run Build Command(s):/usr/bin/make cmTC_8c163/fast && make[3]: Entering directory '/icub-grasping/robotology-superbuild/build/robotology/GazeboYARPPlugins/CMakeFiles/CMakeTmp'
/usr/bin/make  -f CMakeFiles/cmTC_8c163.dir/build.make CMakeFiles/cmTC_8c163.dir/build
make[4]: Entering directory '/icub-grasping/robotology-superbuild/build/robotology/GazeboYARPPlugins/CMakeFiles/CMakeTmp'
Building C object CMakeFiles/cmTC_8c163.dir/src.c.o
/usr/bin/cc   -DCMAKE_HAVE_LIBC_PTHREAD   -o CMakeFiles/cmTC_8c163.dir/src.c.o   -c /icub-grasping/robotology-superbuild/build/robotology/GazeboYARPPlugins/CMakeFiles/CMakeTmp/src.c
Linking C executable cmTC_8c163
/usr/bin/cmake -E cmake_link_script CMakeFiles/cmTC_8c163.dir/link.txt --verbose=1
/usr/bin/cc  -DCMAKE_HAVE_LIBC_PTHREAD    CMakeFiles/cmTC_8c163.dir/src.c.o  -o cmTC_8c163 
CMakeFiles/cmTC_8c163.dir/src.c.o: In function `main':
src.c:(.text+0x3e): undefined reference to `pthread_create'
src.c:(.text+0x4a): undefined reference to `pthread_detach'
src.c:(.text+0x56): undefined reference to `pthread_cancel'
src.c:(.text+0x67): undefined reference to `pthread_join'
src.c:(.text+0x7b): undefined reference to `pthread_atfork'
collect2: error: ld returned 1 exit status
CMakeFiles/cmTC_8c163.dir/build.make:106: recipe for target 'cmTC_8c163' failed
make[4]: *** [cmTC_8c163] Error 1
make[4]: Leaving directory '/icub-grasping/robotology-superbuild/build/robotology/GazeboYARPPlugins/CMakeFiles/CMakeTmp'
Makefile:141: recipe for target 'cmTC_8c163/fast' failed
make[3]: *** [cmTC_8c163/fast] Error 2
make[3]: Leaving directory '/icub-grasping/robotology-superbuild/build/robotology/GazeboYARPPlugins/CMakeFiles/CMakeTmp'


Source file was:
#include <pthread.h>

void* test_func(void* data)
{
  return data;
}

int main(void)
{
  pthread_t thread;
  pthread_create(&thread, NULL, test_func, NULL);
  pthread_detach(thread);
  pthread_cancel(thread);
  pthread_join(thread, NULL);
  pthread_atfork(NULL, NULL, NULL);
  pthread_exit(NULL);

  return 0;
}

Determining if the function pthread_create exists in the pthreads failed with the following output:
Change Dir: /icub-grasping/robotology-superbuild/build/robotology/GazeboYARPPlugins/CMakeFiles/CMakeTmp

Run Build Command(s):/usr/bin/make cmTC_58790/fast && make[3]: Entering directory '/icub-grasping/robotology-superbuild/build/robotology/GazeboYARPPlugins/CMakeFiles/CMakeTmp'
/usr/bin/make  -f CMakeFiles/cmTC_58790.dir/build.make CMakeFiles/cmTC_58790.dir/build
make[4]: Entering directory '/icub-grasping/robotology-superbuild/build/robotology/GazeboYARPPlugins/CMakeFiles/CMakeTmp'
Building C object CMakeFiles/cmTC_58790.dir/CheckFunctionExists.c.o
/usr/bin/cc   -DCHECK_FUNCTION_EXISTS=pthread_create   -o CMakeFiles/cmTC_58790.dir/CheckFunctionExists.c.o   -c /usr/share/cmake-3.17/Modules/CheckFunctionExists.c
Linking C executable cmTC_58790
/usr/bin/cmake -E cmake_link_script CMakeFiles/cmTC_58790.dir/link.txt --verbose=1
/usr/bin/cc  -DCHECK_FUNCTION_EXISTS=pthread_create    CMakeFiles/cmTC_58790.dir/CheckFunctionExists.c.o  -o cmTC_58790  -lpthreads 
/usr/bin/ld: cannot find -lpthreads
collect2: error: ld returned 1 exit status
CMakeFiles/cmTC_58790.dir/build.make:106: recipe for target 'cmTC_58790' failed
make[4]: *** [cmTC_58790] Error 1
make[4]: Leaving directory '/icub-grasping/robotology-superbuild/build/robotology/GazeboYARPPlugins/CMakeFiles/CMakeTmp'
Makefile:141: recipe for target 'cmTC_58790/fast' failed
make[3]: *** [cmTC_58790/fast] Error 2
make[3]: Leaving directory '/icub-grasping/robotology-superbuild/build/robotology/GazeboYARPPlugins/CMakeFiles/CMakeTmp'



