Performing C SOURCE FILE Test CMAKE_HAVE_LIBC_PTHREAD failed with the following output:
Change Dir: /home/ilya/workspace/build/CMakeFiles/CMakeTmp

Run Build Command(s):/usr/bin/make cmTC_ec96e/fast && /usr/bin/make  -f CMakeFiles/cmTC_ec96e.dir/build.make CMakeFiles/cmTC_ec96e.dir/build
make[1]: вход в каталог «/home/ilya/workspace/build/CMakeFiles/CMakeTmp»
Building C object CMakeFiles/cmTC_ec96e.dir/src.c.o
/usr/bin/cc   -DCMAKE_HAVE_LIBC_PTHREAD   -o CMakeFiles/cmTC_ec96e.dir/src.c.o   -c /home/ilya/workspace/build/CMakeFiles/CMakeTmp/src.c
Linking C executable cmTC_ec96e
/home/ilya/temp/cmake-3.17.2-Linux-x86_64/bin/cmake -E cmake_link_script CMakeFiles/cmTC_ec96e.dir/link.txt --verbose=1
/usr/bin/cc  -DCMAKE_HAVE_LIBC_PTHREAD    -rdynamic CMakeFiles/cmTC_ec96e.dir/src.c.o  -o cmTC_ec96e 
CMakeFiles/cmTC_ec96e.dir/src.c.o: In function `main':
src.c:(.text+0x3e): undefined reference to `pthread_create'
src.c:(.text+0x4a): undefined reference to `pthread_detach'
src.c:(.text+0x56): undefined reference to `pthread_cancel'
src.c:(.text+0x67): undefined reference to `pthread_join'
src.c:(.text+0x7b): undefined reference to `pthread_atfork'
collect2: error: ld returned 1 exit status
CMakeFiles/cmTC_ec96e.dir/build.make:106: recipe for target 'cmTC_ec96e' failed
make[1]: *** [cmTC_ec96e] Error 1
make[1]: выход из каталога «/home/ilya/workspace/build/CMakeFiles/CMakeTmp»
Makefile:141: recipe for target 'cmTC_ec96e/fast' failed
make: *** [cmTC_ec96e/fast] Error 2


Source file was:
#include <pthread.h>

void* test_func(void* data)
{
  return data;
}

int main(void)
{
  pthread_t thread;
  pthread_create(&thread, NULL, test_func, NULL);
  pthread_detach(thread);
  pthread_cancel(thread);
  pthread_join(thread, NULL);
  pthread_atfork(NULL, NULL, NULL);
  pthread_exit(NULL);

  return 0;
}

Determining if the function pthread_create exists in the pthreads failed with the following output:
Change Dir: /home/ilya/workspace/build/CMakeFiles/CMakeTmp

Run Build Command(s):/usr/bin/make cmTC_4f8ac/fast && /usr/bin/make  -f CMakeFiles/cmTC_4f8ac.dir/build.make CMakeFiles/cmTC_4f8ac.dir/build
make[1]: вход в каталог «/home/ilya/workspace/build/CMakeFiles/CMakeTmp»
Building C object CMakeFiles/cmTC_4f8ac.dir/CheckFunctionExists.c.o
/usr/bin/cc   -DCHECK_FUNCTION_EXISTS=pthread_create   -o CMakeFiles/cmTC_4f8ac.dir/CheckFunctionExists.c.o   -c /home/ilya/temp/cmake-3.17.2-Linux-x86_64/share/cmake-3.17/Modules/CheckFunctionExists.c
Linking C executable cmTC_4f8ac
/home/ilya/temp/cmake-3.17.2-Linux-x86_64/bin/cmake -E cmake_link_script CMakeFiles/cmTC_4f8ac.dir/link.txt --verbose=1
/usr/bin/cc  -DCHECK_FUNCTION_EXISTS=pthread_create    -rdynamic CMakeFiles/cmTC_4f8ac.dir/CheckFunctionExists.c.o  -o cmTC_4f8ac  -lpthreads 
/usr/bin/ld: cannot find -lpthreads
collect2: error: ld returned 1 exit status
CMakeFiles/cmTC_4f8ac.dir/build.make:106: recipe for target 'cmTC_4f8ac' failed
make[1]: *** [cmTC_4f8ac] Error 1
make[1]: выход из каталога «/home/ilya/workspace/build/CMakeFiles/CMakeTmp»
Makefile:141: recipe for target 'cmTC_4f8ac/fast' failed
make: *** [cmTC_4f8ac/fast] Error 2



