Performing C SOURCE FILE Test CMAKE_HAVE_LIBC_PTHREAD failed with the following output:
Change Dir: /icub-grasping/robotology-superbuild/build/robotology/ICUB/CMakeFiles/CMakeTmp

Run Build Command(s):/usr/bin/make cmTC_c289e/fast && make[3]: Entering directory '/icub-grasping/robotology-superbuild/build/robotology/ICUB/CMakeFiles/CMakeTmp'
/usr/bin/make  -f CMakeFiles/cmTC_c289e.dir/build.make CMakeFiles/cmTC_c289e.dir/build
make[4]: Entering directory '/icub-grasping/robotology-superbuild/build/robotology/ICUB/CMakeFiles/CMakeTmp'
Building C object CMakeFiles/cmTC_c289e.dir/src.c.o
/usr/bin/cc   -DCMAKE_HAVE_LIBC_PTHREAD -fPIE   -o CMakeFiles/cmTC_c289e.dir/src.c.o   -c /icub-grasping/robotology-superbuild/build/robotology/ICUB/CMakeFiles/CMakeTmp/src.c
Linking C executable cmTC_c289e
/usr/bin/cmake -E cmake_link_script CMakeFiles/cmTC_c289e.dir/link.txt --verbose=1
/usr/bin/cc  -DCMAKE_HAVE_LIBC_PTHREAD    CMakeFiles/cmTC_c289e.dir/src.c.o  -o cmTC_c289e  /usr/lib/x86_64-linux-gnu/libode.so /usr/lib/x86_64-linux-gnu/libOpenGL.so /usr/lib/x86_64-linux-gnu/libGLX.so /usr/lib/x86_64-linux-gnu/libGLU.so 
CMakeFiles/cmTC_c289e.dir/src.c.o: In function `main':
src.c:(.text+0x3e): undefined reference to `pthread_create'
src.c:(.text+0x4a): undefined reference to `pthread_detach'
src.c:(.text+0x56): undefined reference to `pthread_cancel'
src.c:(.text+0x67): undefined reference to `pthread_join'
src.c:(.text+0x7b): undefined reference to `pthread_atfork'
collect2: error: ld returned 1 exit status
CMakeFiles/cmTC_c289e.dir/build.make:110: recipe for target 'cmTC_c289e' failed
make[4]: *** [cmTC_c289e] Error 1
make[4]: Leaving directory '/icub-grasping/robotology-superbuild/build/robotology/ICUB/CMakeFiles/CMakeTmp'
Makefile:141: recipe for target 'cmTC_c289e/fast' failed
make[3]: *** [cmTC_c289e/fast] Error 2
make[3]: Leaving directory '/icub-grasping/robotology-superbuild/build/robotology/ICUB/CMakeFiles/CMakeTmp'


Source file was:
#include <pthread.h>

void* test_func(void* data)
{
  return data;
}

int main(void)
{
  pthread_t thread;
  pthread_create(&thread, NULL, test_func, NULL);
  pthread_detach(thread);
  pthread_cancel(thread);
  pthread_join(thread, NULL);
  pthread_atfork(NULL, NULL, NULL);
  pthread_exit(NULL);

  return 0;
}

Determining if the function pthread_create exists in the pthreads failed with the following output:
Change Dir: /icub-grasping/robotology-superbuild/build/robotology/ICUB/CMakeFiles/CMakeTmp

Run Build Command(s):/usr/bin/make cmTC_d21aa/fast && make[3]: Entering directory '/icub-grasping/robotology-superbuild/build/robotology/ICUB/CMakeFiles/CMakeTmp'
/usr/bin/make  -f CMakeFiles/cmTC_d21aa.dir/build.make CMakeFiles/cmTC_d21aa.dir/build
make[4]: Entering directory '/icub-grasping/robotology-superbuild/build/robotology/ICUB/CMakeFiles/CMakeTmp'
Building C object CMakeFiles/cmTC_d21aa.dir/CheckFunctionExists.c.o
/usr/bin/cc   -DCHECK_FUNCTION_EXISTS=pthread_create -fPIE   -o CMakeFiles/cmTC_d21aa.dir/CheckFunctionExists.c.o   -c /usr/share/cmake-3.17/Modules/CheckFunctionExists.c
Linking C executable cmTC_d21aa
/usr/bin/cmake -E cmake_link_script CMakeFiles/cmTC_d21aa.dir/link.txt --verbose=1
/usr/bin/cc  -DCHECK_FUNCTION_EXISTS=pthread_create    CMakeFiles/cmTC_d21aa.dir/CheckFunctionExists.c.o  -o cmTC_d21aa  -lpthreads /usr/lib/x86_64-linux-gnu/libode.so /usr/lib/x86_64-linux-gnu/libOpenGL.so /usr/lib/x86_64-linux-gnu/libGLX.so /usr/lib/x86_64-linux-gnu/libGLU.so 
/usr/bin/ld: cannot find -lpthreads
collect2: error: ld returned 1 exit status
CMakeFiles/cmTC_d21aa.dir/build.make:110: recipe for target 'cmTC_d21aa' failed
make[4]: *** [cmTC_d21aa] Error 1
make[4]: Leaving directory '/icub-grasping/robotology-superbuild/build/robotology/ICUB/CMakeFiles/CMakeTmp'
Makefile:141: recipe for target 'cmTC_d21aa/fast' failed
make[3]: *** [cmTC_d21aa/fast] Error 2
make[3]: Leaving directory '/icub-grasping/robotology-superbuild/build/robotology/ICUB/CMakeFiles/CMakeTmp'



